This is pdfTeX, Version 3.141592653-2.6-1.40.24 (TeX Live 2022) (preloaded format=pdflatex 2022.6.26)  27 JUN 2022 01:11
entering extended mode
 restricted \write18 enabled.
 %&-line parsing enabled.
**prace.tex
(./prace.tex
LaTeX2e <2022-06-01> patch level 3
L3 programming layer <2022-06-16>
(d:/Program Files/texlive/2022/texmf-dist/tex/latex/base/report.cls
Document Class: report 2021/10/04 v1.4n Standard LaTeX document class
(d:/Program Files/texlive/2022/texmf-dist/tex/latex/base/size12.clo
File: size12.clo 2021/10/04 v1.4n Standard LaTeX file (size option)
)
\c@part=\count185
\c@chapter=\count186
\c@section=\count187
\c@subsection=\count188
\c@subsubsection=\count189
\c@paragraph=\count190
\c@subparagraph=\count191
\c@figure=\count192
\c@table=\count193
\abovecaptionskip=\skip47
\belowcaptionskip=\skip48
\bibindent=\dimen138
)
(d:/Program Files/texlive/2022/texmf-dist/tex/latex/pdfx/pdfx.sty
Package: pdfx 2019/02/27 v1.6.3 PDF/X and PDF/A support (CVR/HTH/RRM/PS)
\pdfx@minorversion=\count194

(d:/Program Files/texlive/2022/texmf-dist/tex/generic/iftex/iftex.sty
Package: iftex 2022/02/03 v1.0f TeX engine tests
)
(d:/Program Files/texlive/2022/texmf-dist/tex/generic/iftex/ifpdf.sty
Package: ifpdf 2019/10/25 v3.4 ifpdf legacy package. Use iftex instead.
)
(d:/Program Files/texlive/2022/texmf-dist/tex/generic/iftex/ifxetex.sty
Package: ifxetex 2019/10/25 v0.7 ifxetex legacy package. Use iftex instead.
)
(d:/Program Files/texlive/2022/texmf-dist/tex/latex/everyshi/everyshi.sty
Package: everyshi 2020/11/18 v4.00 EveryShipout Package
)
(d:/Program Files/texlive/2022/texmf-dist/tex/generic/iftex/ifluatex.sty
Package: ifluatex 2019/10/25 v1.5 ifluatex legacy package. Use iftex instead.
){d:/Program Files/texlive/2022/texmf-var/fonts/map/pdftex/updmap/pdftex.map}
(d:/Program Files/texlive/2022/texmf-dist/tex/latex/base/inputenc.sty
Package: inputenc 2021/02/14 v1.3d Input encoding file
\inpenc@prehook=\toks16
\inpenc@posthook=\toks17
)
(d:/Program Files/texlive/2022/texmf-dist/tex/latex/pdfx/l8u-penc.def
File: l8u-penc.def 2017/06/23 v0.8 Custom LaTeX file, for UTF8 encoded letters 
and symbols
LaTeX Info: Composite with undeclared \b in encoding L8U on input line 278.
)
\pdfxsafeforxmp@toks=\toks18

(d:/Program Files/texlive/2022/texmf-dist/tex/latex/xcolor/xcolor.sty
Package: xcolor 2022/06/12 v2.14 LaTeX color extensions (UK)

(d:/Program Files/texlive/2022/texmf-dist/tex/latex/graphics-cfg/color.cfg
File: color.cfg 2016/01/02 v1.6 sample color configuration
)
Package xcolor Info: Driver file: pdftex.def on input line 227.

(d:/Program Files/texlive/2022/texmf-dist/tex/latex/graphics-def/pdftex.def
File: pdftex.def 2020/10/05 v1.2a Graphics/color driver for pdftex
)
(d:/Program Files/texlive/2022/texmf-dist/tex/latex/graphics/mathcolor.ltx)
Package xcolor Info: Model `cmy' substituted by `cmy0' on input line 1353.
Package xcolor Info: Model `hsb' substituted by `rgb' on input line 1357.
Package xcolor Info: Model `RGB' extended on input line 1369.
Package xcolor Info: Model `HTML' substituted by `rgb' on input line 1371.
Package xcolor Info: Model `Hsb' substituted by `hsb' on input line 1372.
Package xcolor Info: Model `tHsb' substituted by `hsb' on input line 1373.
Package xcolor Info: Model `HSB' substituted by `hsb' on input line 1374.
Package xcolor Info: Model `Gray' substituted by `gray' on input line 1375.
Package xcolor Info: Model `wave' substituted by `hsb' on input line 1376.
)
\pdfx@tmptoks=\toks19

(d:/Program Files/texlive/2022/texmf-dist/tex/latex/hyperref/hyperref.sty
Package: hyperref 2022-06-20 v7.00s Hypertext links for LaTeX

(d:/Program Files/texlive/2022/texmf-dist/tex/generic/ltxcmds/ltxcmds.sty
Package: ltxcmds 2020-05-10 v1.25 LaTeX kernel commands for general use (HO)
)
(d:/Program Files/texlive/2022/texmf-dist/tex/generic/pdftexcmds/pdftexcmds.sty
Package: pdftexcmds 2020-06-27 v0.33 Utility functions of pdfTeX for LuaTeX (HO
)
(d:/Program Files/texlive/2022/texmf-dist/tex/generic/infwarerr/infwarerr.sty
Package: infwarerr 2019/12/03 v1.5 Providing info/warning/error messages (HO)
)
Package pdftexcmds Info: \pdf@primitive is available.
Package pdftexcmds Info: \pdf@ifprimitive is available.
Package pdftexcmds Info: \pdfdraftmode found.
) (d:/Program Files/texlive/2022/texmf-dist/tex/latex/graphics/keyval.sty
Package: keyval 2022/05/29 v1.15 key=value parser (DPC)
\KV@toks@=\toks20
)
(d:/Program Files/texlive/2022/texmf-dist/tex/generic/kvsetkeys/kvsetkeys.sty
Package: kvsetkeys 2019/12/15 v1.18 Key value parser (HO)
)
(d:/Program Files/texlive/2022/texmf-dist/tex/generic/kvdefinekeys/kvdefinekeys
.sty
Package: kvdefinekeys 2019-12-19 v1.6 Define keys (HO)
)
(d:/Program Files/texlive/2022/texmf-dist/tex/generic/pdfescape/pdfescape.sty
Package: pdfescape 2019/12/09 v1.15 Implements pdfTeX's escape features (HO)
)
(d:/Program Files/texlive/2022/texmf-dist/tex/latex/hycolor/hycolor.sty
Package: hycolor 2020-01-27 v1.10 Color options for hyperref/bookmark (HO)
)
(d:/Program Files/texlive/2022/texmf-dist/tex/latex/letltxmacro/letltxmacro.sty
Package: letltxmacro 2019/12/03 v1.6 Let assignment for LaTeX macros (HO)
) (d:/Program Files/texlive/2022/texmf-dist/tex/latex/auxhook/auxhook.sty
Package: auxhook 2019-12-17 v1.6 Hooks for auxiliary files (HO)
)
(d:/Program Files/texlive/2022/texmf-dist/tex/latex/hyperref/nameref.sty
Package: nameref 2022-05-17 v2.50 Cross-referencing by name of section

(d:/Program Files/texlive/2022/texmf-dist/tex/latex/refcount/refcount.sty
Package: refcount 2019/12/15 v3.6 Data extraction from label references (HO)
)
(d:/Program Files/texlive/2022/texmf-dist/tex/generic/gettitlestring/gettitlest
ring.sty
Package: gettitlestring 2019/12/15 v1.6 Cleanup title references (HO)

(d:/Program Files/texlive/2022/texmf-dist/tex/latex/kvoptions/kvoptions.sty
Package: kvoptions 2022-06-15 v3.15 Key value format for package options (HO)
))
\c@section@level=\count195
)
\@linkdim=\dimen139
\Hy@linkcounter=\count196
\Hy@pagecounter=\count197

(d:/Program Files/texlive/2022/texmf-dist/tex/latex/hyperref/pd1enc.def
File: pd1enc.def 2022-06-20 v7.00s Hyperref: PDFDocEncoding definition (HO)
)
(d:/Program Files/texlive/2022/texmf-dist/tex/generic/intcalc/intcalc.sty
Package: intcalc 2019/12/15 v1.3 Expandable calculations with integers (HO)
)
(d:/Program Files/texlive/2022/texmf-dist/tex/generic/etexcmds/etexcmds.sty
Package: etexcmds 2019/12/15 v1.7 Avoid name clashes with e-TeX commands (HO)
)
\Hy@SavedSpaceFactor=\count198

(d:/Program Files/texlive/2022/texmf-dist/tex/latex/hyperref/puenc.def
File: puenc.def 2022-06-20 v7.00s Hyperref: PDF Unicode definition (HO)
)
Package hyperref Info: Option `pdfa' set `true' on input line 4045.
Package hyperref Info: Hyper figures OFF on input line 4162.
Package hyperref Info: Link nesting OFF on input line 4167.
Package hyperref Info: Hyper index ON on input line 4170.
Package hyperref Info: Plain pages OFF on input line 4177.
Package hyperref Info: Backreferencing OFF on input line 4182.
Package hyperref Info: Implicit mode ON; LaTeX internals redefined.
Package hyperref Info: Bookmarks ON on input line 4408.
\c@Hy@tempcnt=\count199

(d:/Program Files/texlive/2022/texmf-dist/tex/latex/url/url.sty
\Urlmuskip=\muskip16
Package: url 2013/09/16  ver 3.4  Verb mode for urls, etc.
)
LaTeX Info: Redefining \url on input line 4746.
\XeTeXLinkMargin=\dimen140

(d:/Program Files/texlive/2022/texmf-dist/tex/generic/bitset/bitset.sty
Package: bitset 2019/12/09 v1.3 Handle bit-vector datatype (HO)

(d:/Program Files/texlive/2022/texmf-dist/tex/generic/bigintcalc/bigintcalc.sty
Package: bigintcalc 2019/12/15 v1.5 Expandable calculations on big integers (HO
)
))
\Fld@menulength=\count266
\Field@Width=\dimen141
\Fld@charsize=\dimen142
Package hyperref Info: Hyper figures OFF on input line 6024.
Package hyperref Info: Link nesting OFF on input line 6029.
Package hyperref Info: Hyper index ON on input line 6032.
Package hyperref Info: backreferencing OFF on input line 6039.
Package hyperref Info: Link coloring OFF on input line 6044.
Package hyperref Info: Link coloring with OCG OFF on input line 6049.
Package hyperref Info: PDF/A mode ON on input line 6052.
 (d:/Program Files/texlive/2022/texmf-dist/tex/latex/base/atbegshi-ltx.sty
Package: atbegshi-ltx 2021/01/10 v1.0c Emulation of the original atbegshi
package with kernel methods
)
\Hy@abspage=\count267
\c@Item=\count268
\c@Hfootnote=\count269
)
Package hyperref Info: Driver: hpdftex.

(d:/Program Files/texlive/2022/texmf-dist/tex/latex/hyperref/hpdftex.def
File: hpdftex.def 2022-06-20 v7.00s Hyperref driver for pdfTeX

(d:/Program Files/texlive/2022/texmf-dist/tex/latex/base/atveryend-ltx.sty
Package: atveryend-ltx 2020/08/19 v1.0a Emulation of the original atveryend pac
kage
with kernel methods
)
\Fld@listcount=\count270
\c@bookmark@seq@number=\count271

(d:/Program Files/texlive/2022/texmf-dist/tex/latex/rerunfilecheck/rerunfileche
ck.sty
Package: rerunfilecheck 2019/12/05 v1.9 Rerun checks for auxiliary files (HO)

(d:/Program Files/texlive/2022/texmf-dist/tex/generic/uniquecounter/uniquecount
er.sty
Package: uniquecounter 2019/12/15 v1.4 Provide unlimited unique counter (HO)
)
Package uniquecounter Info: New unique counter `rerunfilecheck' on input line 2
86.
)
\Hy@SectionHShift=\skip49
)
Package hyperref Info: Option `unicode' set `true' on input line 1463.

(d:/Program Files/texlive/2022/texmf-dist/tex/generic/stringenc/stringenc.sty
Package: stringenc 2019/11/29 v1.12 Convert strings between diff. encodings (HO
)
)
Package hyperref Info: Option `psdextra' set `true' on input line 1465.

(d:/Program Files/texlive/2022/texmf-dist/tex/latex/hyperref/puenc-greekbasic.d
ef
File: puenc-greekbasic.def 2022-06-20 v7.00s Hyperref: PDF Unicode definition (
greek block) (HO)
) (d:/Program Files/texlive/2022/texmf-dist/tex/latex/hyperref/psdextra.def
File: psdextra.def 2022-06-20 v7.00s Hyperref: Additions to PDF string support
)
(d:/Program Files/texlive/2022/texmf-dist/tex/generic/colorprofiles/colorprofil
es.sty
Package: colorprofiles 2018/11/01 v1.0.1 color profiles for PDF/X and PDF/A sup
port

(d:/Program Files/texlive/2022/texmf-dist/tex/generic/colorprofiles/colorprofil
es.tex))
(d:/Program Files/texlive/2022/texmf-dist/tex/generic/stringenc/se-pdfdoc.def
File: se-pdfdoc.def 2019/11/29 v1.12 stringenc: PDFDocEncoding
)
(d:/Program Files/texlive/2022/texmf-dist/tex/latex/pdfx/AdobeColorProfiles.tex
) (d:/Program Files/texlive/2022/texmf-dist/tex/latex/pdfx/8bit.def
File: 8bit.def 2008/03/30 v1.1d Input encoding file
)
** pdfx: Metadata file prace.xmpdata read successfully.
(./prace.xmpdata)<<sRGB.icc>>
(d:/Program Files/texlive/2022/texmf-dist/tex/latex/pdfx/8bit.def
File: 8bit.def 2008/03/30 v1.1d Input encoding file
)
(d:/Program Files/texlive/2022/texmf-dist/tex/latex/pdfx/8bit.def
File: 8bit.def 2008/03/30 v1.1d Input encoding file
)
(d:/Program Files/texlive/2022/texmf-dist/tex/generic/stringenc/se-utf8.def
File: se-utf8.def 2019/11/29 v1.12 stringenc: UTF-8
)
(d:/Program Files/texlive/2022/texmf-dist/tex/latex/pdfx/8bit.def
File: 8bit.def 2008/03/30 v1.1d Input encoding file
)
Package hyperref Info: Option `unicode' set `true' on input line 2411.
Package hyperref Info: Option `unicode' set `true' on input line 2412.

(d:/Program Files/texlive/2022/texmf-dist/tex/latex/pdfx/8bit.def
File: 8bit.def 2008/03/30 v1.1d Input encoding file
)
(d:/Program Files/texlive/2022/texmf-dist/tex/generic/pdftex/glyphtounicode.tex
)
(d:/Program Files/texlive/2022/texmf-dist/tex/latex/pdfx/glyphtounicode-cmr.tex
)
(d:/Program Files/texlive/2022/texmf-dist/tex/latex/pdfx/glyphtounicode-ntx.tex
) (d:/Program Files/texlive/2022/texmf-dist/tex/latex/base/ifthen.sty
Package: ifthen 2022/04/13 v1.1d Standard LaTeX ifthen package (DPC)
)
(d:/Program Files/texlive/2022/texmf-dist/tex/latex/xmpincl/xmpincl.sty
Package: xmpincl 2021/09/22 v2.4 Include XMP data in pdflatex
)
(d:/Program Files/texlive/2022/texmf-dist/tex/latex/pdfx/8bit.def
File: 8bit.def 2008/03/30 v1.1d Input encoding file
)
Using XMP template file: pdfa.xmp
\xmpinclWrite=\write3
\xmpinclRead=\read2
\openout3 = `pdfa.xmpi'.

<<pdfa.xmpi>>)
(d:/Program Files/texlive/2022/texmf-dist/tex/generic/babel/babel.sty
Package: babel 2022/06/06 3.76 The Babel package
\babel@savecnt=\count272
\U@D=\dimen143
\l@unhyphenated=\language87

(d:/Program Files/texlive/2022/texmf-dist/tex/generic/babel/txtbabel.def)
\bbl@readstream=\read3
\bbl@dirlevel=\count273

(d:/Program Files/texlive/2022/texmf-dist/tex/generic/babel-czech/czech.ldf
Language: czech 2008/07/06 v3.1a Czech support from the babel system
Package babel Info: Making " an active character on input line 172.
\cs@wordlen=\count274
Package babel Info: Making - an active character on input line 226.
))
(d:/Program Files/texlive/2022/texmf-dist/tex/generic/babel/locale/cs/babel-cze
ch.tex
Package babel Info: Importing font and identification data for czech
(babel)             from babel-cs.ini. Reported on input line 11.
) (d:/Program Files/texlive/2022/texmf-dist/tex/latex/lm/lmodern.sty
Package: lmodern 2015/05/01 v1.6.1 Latin Modern Fonts
LaTeX Font Info:    Overwriting symbol font `operators' in version `normal'
(Font)                  OT1/cmr/m/n --> OT1/lmr/m/n on input line 22.
LaTeX Font Info:    Overwriting symbol font `letters' in version `normal'
(Font)                  OML/cmm/m/it --> OML/lmm/m/it on input line 23.
LaTeX Font Info:    Overwriting symbol font `symbols' in version `normal'
(Font)                  OMS/cmsy/m/n --> OMS/lmsy/m/n on input line 24.
LaTeX Font Info:    Overwriting symbol font `largesymbols' in version `normal'
(Font)                  OMX/cmex/m/n --> OMX/lmex/m/n on input line 25.
LaTeX Font Info:    Overwriting symbol font `operators' in version `bold'
(Font)                  OT1/cmr/bx/n --> OT1/lmr/bx/n on input line 26.
LaTeX Font Info:    Overwriting symbol font `letters' in version `bold'
(Font)                  OML/cmm/b/it --> OML/lmm/b/it on input line 27.
LaTeX Font Info:    Overwriting symbol font `symbols' in version `bold'
(Font)                  OMS/cmsy/b/n --> OMS/lmsy/b/n on input line 28.
LaTeX Font Info:    Overwriting symbol font `largesymbols' in version `bold'
(Font)                  OMX/cmex/m/n --> OMX/lmex/m/n on input line 29.
LaTeX Font Info:    Overwriting math alphabet `\mathbf' in version `normal'
(Font)                  OT1/cmr/bx/n --> OT1/lmr/bx/n on input line 31.
LaTeX Font Info:    Overwriting math alphabet `\mathsf' in version `normal'
(Font)                  OT1/cmss/m/n --> OT1/lmss/m/n on input line 32.
LaTeX Font Info:    Overwriting math alphabet `\mathit' in version `normal'
(Font)                  OT1/cmr/m/it --> OT1/lmr/m/it on input line 33.
LaTeX Font Info:    Overwriting math alphabet `\mathtt' in version `normal'
(Font)                  OT1/cmtt/m/n --> OT1/lmtt/m/n on input line 34.
LaTeX Font Info:    Overwriting math alphabet `\mathbf' in version `bold'
(Font)                  OT1/cmr/bx/n --> OT1/lmr/bx/n on input line 35.
LaTeX Font Info:    Overwriting math alphabet `\mathsf' in version `bold'
(Font)                  OT1/cmss/bx/n --> OT1/lmss/bx/n on input line 36.
LaTeX Font Info:    Overwriting math alphabet `\mathit' in version `bold'
(Font)                  OT1/cmr/bx/it --> OT1/lmr/bx/it on input line 37.
LaTeX Font Info:    Overwriting math alphabet `\mathtt' in version `bold'
(Font)                  OT1/cmtt/m/n --> OT1/lmtt/m/n on input line 38.
)
(d:/Program Files/texlive/2022/texmf-dist/tex/latex/base/fontenc.sty
Package: fontenc 2021/04/29 v2.0v Standard LaTeX package
LaTeX Font Info:    Trying to load font information for T1+lmr on input line 11
2.

(d:/Program Files/texlive/2022/texmf-dist/tex/latex/lm/t1lmr.fd
File: t1lmr.fd 2015/05/01 v1.6.1 Font defs for Latin Modern
))
(d:/Program Files/texlive/2022/texmf-dist/tex/latex/base/textcomp.sty
Package: textcomp 2020/02/02 v2.0n Standard LaTeX package
)
(d:/Program Files/texlive/2022/texmf-dist/tex/latex/base/inputenc.sty
Package: inputenc 2021/02/14 v1.3d Input encoding file
)
(d:/Program Files/texlive/2022/texmf-dist/tex/latex/amsmath/amsmath.sty
Package: amsmath 2022/04/08 v2.17n AMS math features
\@mathmargin=\skip50

For additional information on amsmath, use the `?' option.
(d:/Program Files/texlive/2022/texmf-dist/tex/latex/amsmath/amstext.sty
Package: amstext 2021/08/26 v2.01 AMS text

(d:/Program Files/texlive/2022/texmf-dist/tex/latex/amsmath/amsgen.sty
File: amsgen.sty 1999/11/30 v2.0 generic functions
\@emptytoks=\toks21
\ex@=\dimen144
))
(d:/Program Files/texlive/2022/texmf-dist/tex/latex/amsmath/amsbsy.sty
Package: amsbsy 1999/11/29 v1.2d Bold Symbols
\pmbraise@=\dimen145
)
(d:/Program Files/texlive/2022/texmf-dist/tex/latex/amsmath/amsopn.sty
Package: amsopn 2022/04/08 v2.04 operator names
)
\inf@bad=\count275
LaTeX Info: Redefining \frac on input line 234.
\uproot@=\count276
\leftroot@=\count277
LaTeX Info: Redefining \overline on input line 399.
LaTeX Info: Redefining \colon on input line 410.
\classnum@=\count278
\DOTSCASE@=\count279
LaTeX Info: Redefining \ldots on input line 496.
LaTeX Info: Redefining \dots on input line 499.
LaTeX Info: Redefining \cdots on input line 620.
\Mathstrutbox@=\box51
\strutbox@=\box52
LaTeX Info: Redefining \big on input line 722.
LaTeX Info: Redefining \Big on input line 723.
LaTeX Info: Redefining \bigg on input line 724.
LaTeX Info: Redefining \Bigg on input line 725.
\big@size=\dimen146
LaTeX Font Info:    Redeclaring font encoding OML on input line 743.
LaTeX Font Info:    Redeclaring font encoding OMS on input line 744.
\macc@depth=\count280
LaTeX Info: Redefining \bmod on input line 905.
LaTeX Info: Redefining \pmod on input line 910.
LaTeX Info: Redefining \smash on input line 940.
LaTeX Info: Redefining \relbar on input line 970.
LaTeX Info: Redefining \Relbar on input line 971.
\c@MaxMatrixCols=\count281
\dotsspace@=\muskip17
\c@parentequation=\count282
\dspbrk@lvl=\count283
\tag@help=\toks22
\row@=\count284
\column@=\count285
\maxfields@=\count286
\andhelp@=\toks23
\eqnshift@=\dimen147
\alignsep@=\dimen148
\tagshift@=\dimen149
\tagwidth@=\dimen150
\totwidth@=\dimen151
\lineht@=\dimen152
\@envbody=\toks24
\multlinegap=\skip51
\multlinetaggap=\skip52
\mathdisplay@stack=\toks25
LaTeX Info: Redefining \[ on input line 2953.
LaTeX Info: Redefining \] on input line 2954.
)
(d:/Program Files/texlive/2022/texmf-dist/tex/latex/amsfonts/amsfonts.sty
Package: amsfonts 2013/01/14 v3.01 Basic AMSFonts support
\symAMSa=\mathgroup4
\symAMSb=\mathgroup5
LaTeX Font Info:    Redeclaring math symbol \hbar on input line 98.
LaTeX Font Info:    Overwriting math alphabet `\mathfrak' in version `bold'
(Font)                  U/euf/m/n --> U/euf/b/n on input line 106.
)
(d:/Program Files/texlive/2022/texmf-dist/tex/latex/amscls/amsthm.sty
Package: amsthm 2020/05/29 v2.20.6
\thm@style=\toks26
\thm@bodyfont=\toks27
\thm@headfont=\toks28
\thm@notefont=\toks29
\thm@headpunct=\toks30
\thm@preskip=\skip53
\thm@postskip=\skip54
\thm@headsep=\skip55
\dth@everypar=\toks31
)
(d:/Program Files/texlive/2022/texmf-dist/tex/latex/bbding/bbding.sty
Package: bbding 1999/04/15 v1.01 Dingbats symbols
)
(d:/Program Files/texlive/2022/texmf-dist/tex/latex/tools/bm.sty
Package: bm 2022/01/05 v1.2f Bold Symbol Support (DPC/FMi)
\symboldoperators=\mathgroup6
\symboldletters=\mathgroup7
\symboldsymbols=\mathgroup8
Package bm Info: No bold for \OMX/lmex/m/n, using \pmb.
Package bm Info: No bold for \U/msa/m/n, using \pmb.
Package bm Info: No bold for \U/msb/m/n, using \pmb.
LaTeX Font Info:    Redeclaring math alphabet \mathbf on input line 149.
)
(d:/Program Files/texlive/2022/texmf-dist/tex/latex/graphics/graphicx.sty
Package: graphicx 2021/09/16 v1.2d Enhanced LaTeX Graphics (DPC,SPQR)

(d:/Program Files/texlive/2022/texmf-dist/tex/latex/graphics/graphics.sty
Package: graphics 2022/03/10 v1.4e Standard LaTeX Graphics (DPC,SPQR)

(d:/Program Files/texlive/2022/texmf-dist/tex/latex/graphics/trig.sty
Package: trig 2021/08/11 v1.11 sin cos tan (DPC)
)
(d:/Program Files/texlive/2022/texmf-dist/tex/latex/graphics-cfg/graphics.cfg
File: graphics.cfg 2016/06/04 v1.11 sample graphics configuration
)
Package graphics Info: Driver file: pdftex.def on input line 107.
)
\Gin@req@height=\dimen153
\Gin@req@width=\dimen154
) (d:/Program Files/texlive/2022/texmf-dist/tex/latex/fancyvrb/fancyvrb.sty
Package: fancyvrb 2022/06/06 4.5 verbatim text (tvz,hv)
\FV@CodeLineNo=\count287
\FV@InFile=\read4
\FV@TabBox=\box53
\c@FancyVerbLine=\count288
\FV@StepNumber=\count289
\FV@OutFile=\write4
)
(d:/Program Files/texlive/2022/texmf-dist/tex/latex/tools/indentfirst.sty
Package: indentfirst 1995/11/23 v1.03 Indent first paragraph (DPC)
)
(d:/Program Files/texlive/2022/texmf-dist/tex/latex/natbib/natbib.sty
Package: natbib 2010/09/13 8.31b (PWD, AO)
\bibhang=\skip56
\bibsep=\skip57
LaTeX Info: Redefining \cite on input line 694.
\c@NAT@ctr=\count290
)
(d:/Program Files/texlive/2022/texmf-dist/tex/latex/tocbibind/tocbibind.sty
Package: tocbibind 2010/10/13 v1.5k extra ToC listings
Package tocbibind Info: The document has chapter divisions on input line 50.


Package tocbibind Note: Using chapter style headings, unless overridden.

) (d:/Program Files/texlive/2022/texmf-dist/tex/latex/was/icomma.sty
Package: icomma 2002/03/10 v2.0 (WaS)
)
(d:/Program Files/texlive/2022/texmf-dist/tex/latex/tools/dcolumn.sty
Package: dcolumn 2014/10/28 v1.06 decimal alignment package (DPC)

(d:/Program Files/texlive/2022/texmf-dist/tex/latex/tools/array.sty
Package: array 2022/03/10 v2.5f Tabular extension package (FMi)
\col@sep=\dimen155
\ar@mcellbox=\box54
\extrarowheight=\dimen156
\NC@list=\toks32
\extratabsurround=\skip58
\backup@length=\skip59
\ar@cellbox=\box55
))
(d:/Program Files/texlive/2022/texmf-dist/tex/latex/booktabs/booktabs.sty
Package: booktabs 2020/01/12 v1.61803398 Publication quality tables
\heavyrulewidth=\dimen157
\lightrulewidth=\dimen158
\cmidrulewidth=\dimen159
\belowrulesep=\dimen160
\belowbottomsep=\dimen161
\aboverulesep=\dimen162
\abovetopsep=\dimen163
\cmidrulesep=\dimen164
\cmidrulekern=\dimen165
\defaultaddspace=\dimen166
\@cmidla=\count291
\@cmidlb=\count292
\@aboverulesep=\dimen167
\@belowrulesep=\dimen168
\@thisruleclass=\count293
\@lastruleclass=\count294
\@thisrulewidth=\dimen169
)
(d:/Program Files/texlive/2022/texmf-dist/tex/latex/paralist/paralist.sty
Package: paralist 2017/01/22 v2.7 Extended list environments
\pltopsep=\skip60
\plpartopsep=\skip61
\plitemsep=\skip62
\plparsep=\skip63
\pl@lab=\toks33
)
Package hyperref Info: Option `unicode' set `true' on input line 119.
Package hyperref Info: Option `breaklinks' set `true' on input line 120.


LaTeX Warning: \include should only be used after \begin{document} on input lin
e 123.

(./makra.tex
\c@veta=\count295
\c@definice=\count296
)
(d:/Program Files/texlive/2022/texmf-dist/tex/latex/l3backend/l3backend-pdftex.
def
File: l3backend-pdftex.def 2022-04-20 L3 backend support: PDF output (pdfTeX)
\l__color_backend_stack_int=\count297
\l__pdf_internal_box=\box56
) (./prace.aux (./titulka.aux) (./uvod.aux) (./kap01.aux) (./kap02.aux)
(./kap03.aux) (./kap04.aux) (./zaver.aux) (./literatura.aux))
\openout1 = `prace.aux'.

LaTeX Font Info:    Checking defaults for OML/cmm/m/it on input line 126.
LaTeX Font Info:    ... okay on input line 126.
LaTeX Font Info:    Checking defaults for OMS/cmsy/m/n on input line 126.
LaTeX Font Info:    ... okay on input line 126.
LaTeX Font Info:    Checking defaults for OT1/cmr/m/n on input line 126.
LaTeX Font Info:    ... okay on input line 126.
LaTeX Font Info:    Checking defaults for T1/cmr/m/n on input line 126.
LaTeX Font Info:    ... okay on input line 126.
LaTeX Font Info:    Checking defaults for TS1/cmr/m/n on input line 126.
LaTeX Font Info:    ... okay on input line 126.
LaTeX Font Info:    Checking defaults for OMX/cmex/m/n on input line 126.
LaTeX Font Info:    ... okay on input line 126.
LaTeX Font Info:    Checking defaults for U/cmr/m/n on input line 126.
LaTeX Font Info:    ... okay on input line 126.
LaTeX Font Info:    Checking defaults for PD1/pdf/m/n on input line 126.
LaTeX Font Info:    ... okay on input line 126.
LaTeX Font Info:    Checking defaults for PU/pdf/m/n on input line 126.
LaTeX Font Info:    ... okay on input line 126.

(d:/Program Files/texlive/2022/texmf-dist/tex/context/base/mkii/supp-pdf.mkii
[Loading MPS to PDF converter (version 2006.09.02).]
\scratchcounter=\count298
\scratchdimen=\dimen170
\scratchbox=\box57
\nofMPsegments=\count299
\nofMParguments=\count300
\everyMPshowfont=\toks34
\MPscratchCnt=\count301
\MPscratchDim=\dimen171
\MPnumerator=\count302
\makeMPintoPDFobject=\count303
\everyMPtoPDFconversion=\toks35
)
(d:/Program Files/texlive/2022/texmf-dist/tex/latex/epstopdf-pkg/epstopdf-base.
sty
Package: epstopdf-base 2020-01-24 v2.11 Base part for package epstopdf
Package epstopdf-base Info: Redefining graphics rule for `.eps' on input line 4
85.

(d:/Program Files/texlive/2022/texmf-dist/tex/latex/latexconfig/epstopdf-sys.cf
g
File: epstopdf-sys.cfg 2010/07/13 v1.3 Configuration of (r)epstopdf for TeX Liv
e
))
Package hyperref Info: Link coloring OFF on input line 126.
 (./prace.out) (./prace.out)
\@outlinefile=\write5
\openout5 = `prace.out'.

\openout2 = `titulka.aux'.

 (./titulka.tex
Package hyperref Info: Option `pageanchor' set `false' on input line 6.
<../img/logo-cs.pdf, id=87, 506.4591pt x 156.49065pt>
File: ../img/logo-cs.pdf Graphic file (type pdf)
<use ../img/logo-cs.pdf>
Package pdftex.def Info: ../img/logo-cs.pdf  used on input line 10.
(pdftex.def)             Requested size: 472.31573pt x 145.9455pt.
 [1


 <../img/logo-cs.pdf>]
Package hyperref Info: Option `pageanchor' set `true' on input line 55.

[1

] [2

] [3

]) (./prace.toc
LaTeX Font Info:    Trying to load font information for OT1+lmr on input line 4
.

(d:/Program Files/texlive/2022/texmf-dist/tex/latex/lm/ot1lmr.fd
File: ot1lmr.fd 2015/05/01 v1.6.1 Font defs for Latin Modern
)
LaTeX Font Info:    Trying to load font information for OML+lmm on input line 4
.

(d:/Program Files/texlive/2022/texmf-dist/tex/latex/lm/omllmm.fd
File: omllmm.fd 2015/05/01 v1.6.1 Font defs for Latin Modern
)
LaTeX Font Info:    Trying to load font information for OMS+lmsy on input line 
4.

(d:/Program Files/texlive/2022/texmf-dist/tex/latex/lm/omslmsy.fd
File: omslmsy.fd 2015/05/01 v1.6.1 Font defs for Latin Modern
)
LaTeX Font Info:    Trying to load font information for OMX+lmex on input line 
4.

(d:/Program Files/texlive/2022/texmf-dist/tex/latex/lm/omxlmex.fd
File: omxlmex.fd 2015/05/01 v1.6.1 Font defs for Latin Modern
)
LaTeX Font Info:    External font `lmex10' loaded for size
(Font)              <12> on input line 4.
LaTeX Font Info:    External font `lmex10' loaded for size
(Font)              <8> on input line 4.
LaTeX Font Info:    External font `lmex10' loaded for size
(Font)              <6> on input line 4.
LaTeX Font Info:    Trying to load font information for U+msa on input line 4.

(d:/Program Files/texlive/2022/texmf-dist/tex/latex/amsfonts/umsa.fd
File: umsa.fd 2013/01/14 v3.01 AMS symbols A
)
LaTeX Font Info:    Trying to load font information for U+msb on input line 4.

(d:/Program Files/texlive/2022/texmf-dist/tex/latex/amsfonts/umsb.fd
File: umsb.fd 2013/01/14 v3.01 AMS symbols B
))
\tf@toc=\write6
\openout6 = `prace.toc'.

 [1




]
\openout2 = `uvod.aux'.


(./uvod.tex) [2


]
\openout2 = `kap01.aux'.

 (./kap01.tex
Kapitola 1.
LaTeX Font Info:    Trying to load font information for T1+lmtt on input line 6
1.
(d:/Program Files/texlive/2022/texmf-dist/tex/latex/lm/t1lmtt.fd
File: t1lmtt.fd 2015/05/01 v1.6.1 Font defs for Latin Modern
)
LaTeX Font Info:    Trying to load font information for T1+lmss on input line 7
1.

(d:/Program Files/texlive/2022/texmf-dist/tex/latex/lm/t1lmss.fd
File: t1lmss.fd 2015/05/01 v1.6.1 Font defs for Latin Modern
) [3




] [4]
LaTeX Font Info:    Font shape `T1/lmss/m/it' in size <12> not available
(Font)              Font shape `T1/lmss/m/sl' tried instead on input line 193.

[5]

Package natbib Warning: Citation `Andel07' on page 6 undefined on input line 21
3.


Overfull \hbox (6.40514pt too wide) in paragraph at lines 214--216
[][]\T1/lmr/bx/n/12 Lemma 2 \T1/lmr/m/n/12 (\T1/lmr/bx/n/12 ?\T1/lmr/m/n/12 , s
tr. 29)\T1/lmr/bx/n/12 . []\T1/lmr/m/it/12 Ná-hodný vek-tor $\OML/lmm/b/it/12 X
$ \T1/lmr/m/it/12 je m¥-°i-telné zob-ra-zení pro-storu $\OT1/lmr/m/n/12 (
\OML/lmm/m/it/12 ; \OMS/lmsy/m/n/12 A\OML/lmm/m/it/12 ;  []\OT1/lmr/m/n/12 )$|
 []


Package natbib Warning: Citation `Andel07' on page 6 undefined on input line 21
9.

) [6]
\openout2 = `kap02.aux'.

 (./kap02.tex
Kapitola 2.

Package natbib Warning: Citation `KaplanMeier58' on page 7 undefined on input l
ine 25.


Package natbib Warning: Citation `Cox72' on page 7 undefined on input line 25.


Package natbib Warning: Citation `Student08' on page 7 undefined on input line 
25.


Package natbib Warning: Citation `Andel98' on page 7 undefined on input line 28
.


Package natbib Warning: Citation `LehmannCasella98' on page 7 undefined on inpu
t line 29.


Package natbib Warning: Citation `Andel07' on page 7 undefined on input line 32
.


Package natbib Warning: Citation `Andel07' on page 7 undefined on input line 33
.


Package natbib Warning: Citation `DempsterLairdRubin77' on page 7 undefined on 
input line 37.


Package natbib Warning: Citation `DempsterLairdRubin77' on page 7 undefined on 
input line 39.


Package natbib Warning: Citation `DempsterLairdRubin77' on page 7 undefined on 
input line 41.


Package natbib Warning: Citation `DempsterLairdRubin77' on page 7 undefined on 
input line 43.


Package natbib Warning: Citation `Genberget08' on page 7 undefined on input lin
e 47.


Package natbib Warning: Citation `Genberget08' on page 7 undefined on input lin
e 48.

) [7




]
\openout2 = `kap03.aux'.

 (./kap03.tex
Kapitola 3.
LaTeX Font Info:    External font `lmex10' loaded for size
(Font)              <10> on input line 52.
LaTeX Font Info:    External font `lmex10' loaded for size
(Font)              <7> on input line 52.
LaTeX Font Info:    Trying to load font information for TS1+lmr on input line 6
2.
(d:/Program Files/texlive/2022/texmf-dist/tex/latex/lm/ts1lmr.fd
File: ts1lmr.fd 2015/05/01 v1.6.1 Font defs for Latin Modern
) [8




] [9]
<../img/ukazka-obr01.pdf, id=237, 433.62pt x 433.62pt>
File: ../img/ukazka-obr01.pdf Graphic file (type pdf)
<use ../img/ukazka-obr01.pdf>
Package pdftex.def Info: ../img/ukazka-obr01.pdf  used on input line 156.
(pdftex.def)             Requested size: 398.3596pt x 398.3596pt.
<../img/ukazka-obr02.pdf, id=238, 433.62pt x 433.62pt>
File: ../img/ukazka-obr02.pdf Graphic file (type pdf)
<use ../img/ukazka-obr02.pdf>
Package pdftex.def Info: ../img/ukazka-obr02.pdf  used on input line 165.
(pdftex.def)             Requested size: 398.3596pt x 398.3596pt.
<../img/ukazka-obr03.pdf, id=239, 433.62pt x 614.295pt>
File: ../img/ukazka-obr03.pdf Graphic file (type pdf)
<use ../img/ukazka-obr03.pdf>
Package pdftex.def Info: ../img/ukazka-obr03.pdf  used on input line 171.
(pdftex.def)             Requested size: 398.3596pt x 563.39606pt.
)
[10] [11 <../img/ukazka-obr01.pdf>] [12 <../img/ukazka-obr02.pdf>] [13 <../img/
ukazka-obr03.pdf>]
\openout2 = `kap04.aux'.

 (./kap04.tex
Kapitola 4.
) [14




]
\openout2 = `zaver.aux'.

 (./zaver.tex) [15




]
\openout2 = `literatura.aux'.

 (./literatura.tex (./prace.bbl)) [16




] (./prace.lof)
\tf@lof=\write7
\openout7 = `prace.lof'.


[17



] (./prace.lot)
\tf@lot=\write8
\openout8 = `prace.lot'.

 [18

] [19

]
P\v {r}\'{\i }loha A.
[20

]

Package natbib Warning: There were undefined citations.

(./prace.aux (./titulka.aux) (./uvod.aux) (./kap01.aux) (./kap02.aux)
(./kap03.aux) (./kap04.aux) (./zaver.aux) (./literatura.aux))
Package rerunfilecheck Info: File `prace.out' has not changed.
(rerunfilecheck)             Checksum: 0E314E3EF924358A706DD89A14DA83B4;2638.
 ) 
Here is how much of TeX's memory you used:
 16656 strings out of 478037
 261450 string characters out of 5836033
 557395 words of memory out of 5000000
 34625 multiletter control sequences out of 15000+600000
 589366 words of font info for 105 fonts, out of 8000000 for 9000
 1141 hyphenation exceptions out of 8191
 89i,19n,93p,1006b,2379s stack positions out of 10000i,1000n,20000p,200000b,200000s
{d:/Program Files/texlive/2022/texmf-dist/fonts/enc/dvips/lm/lm-ec.enc}{d:/Pr
ogram Files/texlive/2022/texmf-dist/fonts/enc/dvips/lm/lm-rm.enc}{d:/Program Fi
les/texlive/2022/texmf-dist/fonts/enc/dvips/lm/lm-mathit.enc}{d:/Program Files/
texlive/2022/texmf-dist/fonts/enc/dvips/lm/lm-ts1.enc}{d:/Program Files/texlive
/2022/texmf-dist/fonts/enc/dvips/lm/lm-mathsy.enc}{d:/Program Files/texlive/202
2/texmf-dist/fonts/enc/dvips/lm/lm-mathex.enc}<d:/Program Files/texlive/2022/te
xmf-dist/fonts/type1/public/lm/lmbx12.pfb><d:/Program Files/texlive/2022/texmf-
dist/fonts/type1/public/lm/lmcsc10.pfb><d:/Program Files/texlive/2022/texmf-dis
t/fonts/type1/public/lm/lmex10.pfb><d:/Program Files/texlive/2022/texmf-dist/fo
nts/type1/public/lm/lmmi12.pfb><d:/Program Files/texlive/2022/texmf-dist/fonts/
type1/public/lm/lmmi7.pfb><d:/Program Files/texlive/2022/texmf-dist/fonts/type1
/public/lm/lmmi8.pfb><d:/Program Files/texlive/2022/texmf-dist/fonts/type1/publ
ic/lm/lmmib10.pfb><d:/Program Files/texlive/2022/texmf-dist/fonts/type1/public/
lm/lmr10.pfb><d:/Program Files/texlive/2022/texmf-dist/fonts/type1/public/lm/lm
r12.pfb><d:/Program Files/texlive/2022/texmf-dist/fonts/type1/public/lm/lmr17.p
fb><d:/Program Files/texlive/2022/texmf-dist/fonts/type1/public/lm/lmr8.pfb><d:
/Program Files/texlive/2022/texmf-dist/fonts/type1/public/lm/lmri10.pfb><d:/Pro
gram Files/texlive/2022/texmf-dist/fonts/type1/public/lm/lmri12.pfb><d:/Program
 Files/texlive/2022/texmf-dist/fonts/type1/public/lm/lmss12.pfb><d:/Program Fil
es/texlive/2022/texmf-dist/fonts/type1/public/lm/lmsso12.pfb><d:/Program Files/
texlive/2022/texmf-dist/fonts/type1/public/lm/lmsy10.pfb><d:/Program Files/texl
ive/2022/texmf-dist/fonts/type1/public/lm/lmsy8.pfb><d:/Program Files/texlive/2
022/texmf-dist/fonts/type1/public/lm/lmtt10.pfb><d:/Program Files/texlive/2022/
texmf-dist/fonts/type1/public/lm/lmtt12.pfb><d:/Program Files/texlive/2022/texm
f-dist/fonts/type1/public/amsfonts/symbols/msbm10.pfb>
Output written on prace.pdf (24 pages, 719315 bytes).
PDF statistics:
 456 PDF objects out of 1000 (max. 8388607)
 345 compressed objects within 4 object streams
 61 named destinations out of 1000 (max. 500000)
 193 words of extra memory for PDF output out of 10000 (max. 10000000)

